Arguments: 
  /usr/local/Cellar/node/9.7.1_1/bin/node /usr/local/Cellar/yarn/1.5.1_1/libexec/bin/yarn.js css-deploy

PATH: 
  /usr/local/bin:/usr/bin:/bin:/usr/sbin:/sbin:/.composer/vendor/bin:/Users/glenneggleton/Library/Python/2.7/bin

Yarn version: 
  1.5.1

Node version: 
  9.7.1

Platform: 
  darwin x64

npm manifest: 
  No manifest

yarn manifest: 
  No manifest

Lockfile: 
  No lockfile

Trace: 
  Error: Couldn't find a package.json file in "/Users/glenneggleton/Projects/vagrant/kitty-book"
      at new MessageError (/usr/local/Cellar/yarn/1.5.1_1/libexec/lib/cli.js:186:110)
      at /usr/local/Cellar/yarn/1.5.1_1/libexec/lib/cli.js:40048:15
      at Generator.next (<anonymous>)
      at step (/usr/local/Cellar/yarn/1.5.1_1/libexec/lib/cli.js:98:30)
      at /usr/local/Cellar/yarn/1.5.1_1/libexec/lib/cli.js:109:13
      at <anonymous>
